Case #1: 1
1 1 1
Case #2: 4
1 1 1
1 2 1
1 1 2
1 2 2
Case #3: 2
1 1 1
1 2 1
Case #4: 2
1 1 1
1 2 2
Case #5: 18
1 1 1
1 2 1
1 3 1
1 1 2
1 2 2
1 3 2
1 1 3
1 2 3
1 3 3
2 1 1
2 2 1
2 3 1
2 1 2
2 2 2
2 3 2
2 1 3
2 2 3
2 3 3
Case #6: 3
1 1 1
1 2 1
1 3 1
Case #7: 4
1 1 1
1 2 1
1 1 2
1 2 2
Case #8: 18
1 1 1
1 2 1
1 3 1
1 1 2
1 2 2
1 3 2
1 1 3
1 2 3
1 3 3
2 1 1
2 2 1
2 3 1
2 1 2
2 2 2
2 3 2
2 1 3
2 2 3
2 3 3
Case #9: 6
1 1 1
1 2 1
1 3 1
1 1 2
1 2 2
1 3 2
Case #10: 3
1 1 1
1 2 2
1 3 3
Case #11: 6
1 1 1
1 2 1
1 3 1
1 1 2
1 2 2
1 3 2
Case #12: 4
1 1 1
1 2 1
1 1 2
1 2 2
Case #13: 12
1 1 1
1 2 1
1 3 1
1 1 2
1 2 2
1 3 2
2 1 1
2 2 1
2 3 1
2 1 2
2 2 2
2 3 2
Case #14: 8
1 1 1
1 2 1
1 1 2
1 2 2
2 1 1
2 2 1
2 1 2
2 2 2
Case #15: 4
1 1 1
1 2 1
1 1 2
1 2 2
Case #16: 12
1 1 1
1 2 1
1 3 1
1 1 2
1 2 2
1 3 2
2 1 1
2 2 1
2 3 1
2 1 2
2 2 2
2 3 2
Case #17: 5
1 1 1
1 2 1
1 1 2
1 2 2
1 3 3
Case #18: 6
1 1 1
1 2 1
1 3 1
1 1 2
1 2 2
1 3 2
Case #19: 10
1 1 1
1 2 1
1 1 2
1 2 2
1 3 3
2 1 1
2 2 1
2 1 2
2 2 2
2 3 3
Case #20: 18
1 1 1
1 2 1
1 3 1
1 1 2
1 2 2
1 3 2
1 1 3
1 2 3
1 3 3
2 1 1
2 2 1
2 3 1
2 1 2
2 2 2
2 3 2
2 1 3
2 2 3
2 3 3
Case #21: 3
1 1 1
1 2 1
1 3 1
Case #22: 3
1 1 1
1 2 1
1 3 1
Case #23: 4
1 1 1
1 2 1
1 1 2
1 2 2
Case #24: 14
1 1 1
1 2 1
1 1 2
1 2 2
1 3 3
2 1 1
2 2 1
2 1 2
2 2 2
2 3 3
3 3 1
3 3 2
3 1 3
3 2 3
Case #25: 4
1 1 1
1 2 2
2 2 1
2 1 2
Case #26: 9
1 1 1
1 2 1
1 3 1
1 1 2
1 2 2
1 3 2
1 1 3
1 2 3
1 3 3
Case #27: 4
1 1 1
1 2 1
1 1 2
1 2 2
Case #28: 2
1 1 1
1 2 1
Case #29: 8
1 1 1
1 2 1
1 1 2
1 2 2
2 1 1
2 2 1
2 1 2
2 2 2
Case #30: 9
1 1 1
1 2 1
1 3 1
1 1 2
1 2 2
1 3 2
1 1 3
1 2 3
1 3 3
Case #31: 8
1 1 1
1 2 1
1 1 2
1 2 2
2 1 1
2 2 1
2 1 2
2 2 2
Case #32: 1
1 1 1
Case #33: 6
1 1 1
1 2 1
1 3 1
1 1 2
1 2 2
1 3 2
Case #34: 8
1 1 1
1 2 1
1 1 2
1 2 2
2 1 1
2 2 1
2 1 2
2 2 2
Case #35: 6
1 1 1
1 2 1
1 3 1
1 1 2
1 2 2
1 3 2
Case #36: 1
1 1 1
Case #37: 4
1 1 1
1 2 1
1 1 2
1 2 2
Case #38: 1
1 1 1
Case #39: 2
1 1 1
1 2 1
Case #40: 2
1 1 1
1 2 1
Case #41: 18
1 1 1
1 2 1
1 3 1
1 1 2
1 2 2
1 3 2
1 1 3
1 2 3
1 3 3
2 1 1
2 2 1
2 3 1
2 1 2
2 2 2
2 3 2
2 1 3
2 2 3
2 3 3
Case #42: 27
1 1 1
1 2 1
1 3 1
1 1 2
1 2 2
1 3 2
1 1 3
1 2 3
1 3 3
2 1 1
2 2 1
2 3 1
2 1 2
2 2 2
2 3 2
2 1 3
2 2 3
2 3 3
3 1 1
3 2 1
3 3 1
3 1 2
3 2 2
3 3 2
3 1 3
3 2 3
3 3 3
Case #43: 18
1 1 1
1 2 1
1 3 1
1 1 2
1 2 2
1 3 2
1 1 3
1 2 3
1 3 3
2 1 1
2 2 1
2 3 1
2 1 2
2 2 2
2 3 2
2 1 3
2 2 3
2 3 3
Case #44: 2
1 1 1
1 2 2
Case #45: 1
1 1 1
Case #46: 18
1 1 1
1 2 1
1 3 1
1 1 2
1 2 2
1 3 2
1 1 3
1 2 3
1 3 3
2 1 1
2 2 1
2 3 1
2 1 2
2 2 2
2 3 2
2 1 3
2 2 3
2 3 3
Case #47: 3
1 1 1
1 2 1
1 3 1
Case #48: 18
1 1 1
1 2 1
1 3 1
1 1 2
1 2 2
1 3 2
1 1 3
1 2 3
1 3 3
2 1 1
2 2 1
2 3 1
2 1 2
2 2 2
2 3 2
2 1 3
2 2 3
2 3 3
Case #49: 4
1 1 1
1 2 1
1 1 2
1 2 2
Case #50: 1
1 1 1
Case #51: 2
1 1 1
1 2 1
Case #52: 2
1 1 1
1 2 1
Case #53: 1
1 1 1
Case #54: 9
1 1 1
1 2 1
1 3 1
1 1 2
1 2 2
1 3 2
1 1 3
1 2 3
1 3 3
Case #55: 5
1 1 1
1 2 2
1 3 3
2 2 1
2 1 2
Case #56: 12
1 1 1
1 2 1
1 3 1
1 1 2
1 2 2
1 3 2
2 1 1
2 2 1
2 3 1
2 1 2
2 2 2
2 3 2
Case #57: 12
1 1 1
1 2 1
1 3 1
1 1 2
1 2 2
1 3 2
2 1 1
2 2 1
2 3 1
2 1 2
2 2 2
2 3 2
Case #58: 27
1 1 1
1 2 1
1 3 1
1 1 2
1 2 2
1 3 2
1 1 3
1 2 3
1 3 3
2 1 1
2 2 1
2 3 1
2 1 2
2 2 2
2 3 2
2 1 3
2 2 3
2 3 3
3 1 1
3 2 1
3 3 1
3 1 2
3 2 2
3 3 2
3 1 3
3 2 3
3 3 3
Case #59: 2
1 1 1
1 2 1
Case #60: 12
1 1 1
1 2 1
1 3 1
1 1 2
1 2 2
1 3 2
2 1 1
2 2 1
2 3 1
2 1 2
2 2 2
2 3 2
Case #61: 8
1 1 1
1 2 1
1 1 2
1 2 2
2 1 1
2 2 1
2 1 2
2 2 2
Case #62: 2
1 1 1
1 2 1
Case #63: 9
1 1 1
1 2 1
1 3 1
1 1 2
1 2 2
1 3 2
1 1 3
1 2 3
1 3 3
Case #64: 8
1 1 1
1 2 1
1 1 2
1 2 2
2 1 1
2 2 1
2 1 2
2 2 2
Case #65: 3
1 1 1
1 2 1
1 3 1
Case #66: 18
1 1 1
1 2 1
1 3 1
1 1 2
1 2 2
1 3 2
1 1 3
1 2 3
1 3 3
2 1 1
2 2 1
2 3 1
2 1 2
2 2 2
2 3 2
2 1 3
2 2 3
2 3 3
Case #67: 8
1 1 1
1 2 1
1 1 2
1 2 2
2 1 1
2 2 1
2 1 2
2 2 2
Case #68: 4
1 1 1
1 2 1
1 1 2
1 2 2
Case #69: 7
1 1 1
1 2 2
1 3 3
2 2 1
2 1 2
3 3 1
3 1 3
Case #70: 8
1 1 1
1 2 1
1 1 2
1 2 2
2 1 1
2 2 1
2 1 2
2 2 2
Case #71: 12
1 1 1
1 2 1
1 3 1
1 1 2
1 2 2
1 3 2
2 1 1
2 2 1
2 3 1
2 1 2
2 2 2
2 3 2
Case #72: 1
1 1 1
Case #73: 4
1 1 1
1 2 1
1 1 2
1 2 2
Case #74: 12
1 1 1
1 2 1
1 3 1
1 1 2
1 2 2
1 3 2
2 1 1
2 2 1
2 3 1
2 1 2
2 2 2
2 3 2
Case #75: 8
1 1 1
1 2 1
1 1 2
1 2 2
2 1 1
2 2 1
2 1 2
2 2 2
Case #76: 4
1 1 1
1 2 2
2 2 1
2 1 2
Case #77: 1
1 1 1
Case #78: 27
1 1 1
1 2 1
1 3 1
1 1 2
1 2 2
1 3 2
1 1 3
1 2 3
1 3 3
2 1 1
2 2 1
2 3 1
2 1 2
2 2 2
2 3 2
2 1 3
2 2 3
2 3 3
3 1 1
3 2 1
3 3 1
3 1 2
3 2 2
3 3 2
3 1 3
3 2 3
3 3 3
Case #79: 1
1 1 1
Case #80: 8
1 1 1
1 2 1
1 1 2
1 2 2
2 1 1
2 2 1
2 1 2
2 2 2
Case #81: 2
1 1 1
1 2 1
Case #82: 6
1 1 1
1 2 1
1 3 1
1 1 2
1 2 2
1 3 2
Case #83: 6
1 1 1
1 2 1
1 3 1
1 1 2
1 2 2
1 3 2
Case #84: 27
1 1 1
1 2 1
1 3 1
1 1 2
1 2 2
1 3 2
1 1 3
1 2 3
1 3 3
2 1 1
2 2 1
2 3 1
2 1 2
2 2 2
2 3 2
2 1 3
2 2 3
2 3 3
3 1 1
3 2 1
3 3 1
3 1 2
3 2 2
3 3 2
3 1 3
3 2 3
3 3 3
Case #85: 12
1 1 1
1 2 1
1 3 1
1 1 2
1 2 2
1 3 2
2 1 1
2 2 1
2 3 1
2 1 2
2 2 2
2 3 2
Case #86: 27
1 1 1
1 2 1
1 3 1
1 1 2
1 2 2
1 3 2
1 1 3
1 2 3
1 3 3
2 1 1
2 2 1
2 3 1
2 1 2
2 2 2
2 3 2
2 1 3
2 2 3
2 3 3
3 1 1
3 2 1
3 3 1
3 1 2
3 2 2
3 3 2
3 1 3
3 2 3
3 3 3
Case #87: 9
1 1 1
1 2 1
1 3 1
1 1 2
1 2 2
1 3 2
1 1 3
1 2 3
1 3 3
Case #88: 27
1 1 1
1 2 1
1 3 1
1 1 2
1 2 2
1 3 2
1 1 3
1 2 3
1 3 3
2 1 1
2 2 1
2 3 1
2 1 2
2 2 2
2 3 2
2 1 3
2 2 3
2 3 3
3 1 1
3 2 1
3 3 1
3 1 2
3 2 2
3 3 2
3 1 3
3 2 3
3 3 3
Case #89: 9
1 1 1
1 2 1
1 3 1
1 1 2
1 2 2
1 3 2
1 1 3
1 2 3
1 3 3
Case #90: 3
1 1 1
1 2 1
1 3 1
Case #91: 9
1 1 1
1 2 1
1 3 1
1 1 2
1 2 2
1 3 2
1 1 3
1 2 3
1 3 3
Case #92: 1
1 1 1
Case #93: 27
1 1 1
1 2 1
1 3 1
1 1 2
1 2 2
1 3 2
1 1 3
1 2 3
1 3 3
2 1 1
2 2 1
2 3 1
2 1 2
2 2 2
2 3 2
2 1 3
2 2 3
2 3 3
3 1 1
3 2 1
3 3 1
3 1 2
3 2 2
3 3 2
3 1 3
3 2 3
3 3 3
Case #94: 1
1 1 1
Case #95: 6
1 1 1
1 2 1
1 3 1
1 1 2
1 2 2
1 3 2
Case #96: 3
1 1 1
1 2 1
1 3 1
Case #97: 9
1 1 1
1 2 1
1 3 1
1 1 2
1 2 2
1 3 2
1 1 3
1 2 3
1 3 3
Case #98: 3
1 1 1
1 2 1
1 3 1
Case #99: 27
1 1 1
1 2 1
1 3 1
1 1 2
1 2 2
1 3 2
1 1 3
1 2 3
1 3 3
2 1 1
2 2 1
2 3 1
2 1 2
2 2 2
2 3 2
2 1 3
2 2 3
2 3 3
3 1 1
3 2 1
3 3 1
3 1 2
3 2 2
3 3 2
3 1 3
3 2 3
3 3 3
Case #100: 2
1 1 1
1 2 1
